Using pre-set license
Built from '2020.2/release' branch; Version is '2020.2.2f1 (068178b99f32) revision 426360'; Using compiler version '192528614'; Build Type 'Release'
OS: 'Windows 10 Home; OS build 19042.985; Version 2009; 64bit' Language: 'en' Physical Memory: 16196 MB
BatchMode: 1, IsHumanControllingUs: 0, StartBugReporterOnCrash: 0, Is64bit: 1, IsPro: 0

 COMMAND LINE ARGUMENTS:
C:\Program Files\Unity\Hub\Editor\2020.2.2f1\Editor\Unity.exe
-adb2
-batchMode
-noUpm
-name
AssetImportWorker0
-projectPath
C:/Users/crmdo/OneDrive/Desktop/2021 Diploma/Github/URP-SpaceSim
-logFile
Logs/AssetImportWorker0.log
-srvPort
53960
Successfully changed project path to: C:/Users/crmdo/OneDrive/Desktop/2021 Diploma/Github/URP-SpaceSim
C:/Users/crmdo/OneDrive/Desktop/2021 Diploma/Github/URP-SpaceSim
Using Asset Import Pipeline V2.
Refreshing native plugins compatible for Editor in 112.74 ms, found 0 plugins.
Preloading 0 native plugins for Editor in 0.00 ms.
Initialize engine version: 2020.2.2f1 (068178b99f32)
[Subsystems] Discovering subsystems at path C:/Program Files/Unity/Hub/Editor/2020.2.2f1/Editor/Data/Resources/UnitySubsystems
[Subsystems] Discovering subsystems at path C:/Users/crmdo/OneDrive/Desktop/2021 Diploma/Github/URP-SpaceSim/Assets
GfxDevice: creating device client; threaded=0
Direct3D:
    Version:  Direct3D 11.0 [level 11.1]
    Renderer: NVIDIA GeForce GTX 1660 Ti (ID=0x2191)
    Vendor:   
    VRAM:     5991 MB
    Driver:   27.21.14.5771
Initialize mono
Mono path[0] = 'C:/Program Files/Unity/Hub/Editor/2020.2.2f1/Editor/Data/Managed'
Mono path[1] = 'C:/Program Files/Unity/Hub/Editor/2020.2.2f1/Editor/Data/MonoBleedingEdge/lib/mono/unityjit'
Mono config path = 'C:/Program Files/Unity/Hub/Editor/2020.2.2f1/Editor/Data/MonoBleedingEdge/etc'
Using monoOptions --debugger-agent=transport=dt_socket,embedding=1,server=y,suspend=n,address=127.0.0.1:56128
Begin MonoManager ReloadAssembly
Registering precompiled unity dll's ...
Register platform support module: C:/Program Files/Unity/Hub/Editor/2020.2.2f1/Editor/Data/PlaybackEngines/WindowsStandaloneSupport/UnityEditor.WindowsStandalone.Extensions.dll
Registered in 0.004235 seconds.
Native extension for WindowsStandalone target not found
Refreshing native plugins compatible for Editor in 133.13 ms, found 0 plugins.
Preloading 0 native plugins for Editor in 0.00 ms.
Invoked RoslynAnalysisRunner static constructor.
RoslynAnalysisRunner will not be running.
RoslynAnalysisRunner has terminated.
Mono: successfully reloaded assembly
- Completed reload, in  3.202 seconds
Platform modules already initialized, skipping
Registering precompiled user dll's ...
Registered in 0.002713 seconds.
Begin MonoManager ReloadAssembly
Native extension for WindowsStandalone target not found
Refreshing native plugins compatible for Editor in 96.40 ms, found 0 plugins.
Preloading 0 native plugins for Editor in 0.00 ms.
Invoked RoslynAnalysisRunner static constructor.
RoslynAnalysisRunner will not be running.
RoslynAnalysisRunner has terminated.
Mono: successfully reloaded assembly
- Completed reload, in  2.161 seconds
Platform modules already initialized, skipping
========================================================================
Worker process is ready to serve import requests
Shader 'Universal Render Pipeline/Particles/Lit': fallback shader 'Universal Render Pipeline/Particles/SimpleLit' not found
Shader 'Universal Render Pipeline/Particles/Lit': fallback shader 'Universal Render Pipeline/Particles/SimpleLit' not found
Launched and connected shader compiler UnityShaderCompiler.exe after 0.09 seconds
Refreshing native plugins compatible for Editor in 0.72 ms, found 0 plugins.
Preloading 0 native plugins for Editor in 0.00 ms.
Unloading 2422 Unused Serialized files (Serialized files now loaded: 0)
System memory in use before: 113.9 MB.
System memory in use after: 112.1 MB.

Unloading 41 unused Assets to reduce memory usage. Loaded Objects now: 2839.
Total: 7.029800 ms (FindLiveObjects: 0.907300 ms CreateObjectMapping: 0.388500 ms MarkObjects: 3.619800 ms  DeleteObjects: 2.112200 ms)

========================================================================
Received Prepare
Registering precompiled user dll's ...
Registered in 0.002836 seconds.
Begin MonoManager ReloadAssembly
Native extension for WindowsStandalone target not found
Refreshing native plugins compatible for Editor in 0.67 ms, found 0 plugins.
Preloading 0 native plugins for Editor in 0.00 ms.
Invoked RoslynAnalysisRunner static constructor.
RoslynAnalysisRunner will not be running.
RoslynAnalysisRunner has terminated.
Mono: successfully reloaded assembly
- Completed reload, in  1.931 seconds
Platform modules already initialized, skipping
Shader 'Universal Render Pipeline/Particles/Lit': fallback shader 'Universal Render Pipeline/Particles/SimpleLit' not found
Shader 'Universal Render Pipeline/Particles/Lit': fallback shader 'Universal Render Pipeline/Particles/SimpleLit' not found
Refreshing native plugins compatible for Editor in 0.64 ms, found 0 plugins.
Preloading 0 native plugins for Editor in 0.00 ms.
Unloading 2342 Unused Serialized files (Serialized files now loaded: 0)
System memory in use before: 111.4 MB.
System memory in use after: 109.6 MB.

Unloading 36 unused Assets to reduce memory usage. Loaded Objects now: 2841.
Total: 5.392900 ms (FindLiveObjects: 0.373200 ms CreateObjectMapping: 0.204600 ms MarkObjects: 2.787800 ms  DeleteObjects: 2.025700 ms)

========================================================================
Received Prepare
Registering precompiled user dll's ...
Registered in 0.002893 seconds.
Begin MonoManager ReloadAssembly
Native extension for WindowsStandalone target not found
Refreshing native plugins compatible for Editor in 0.67 ms, found 0 plugins.
Preloading 0 native plugins for Editor in 0.00 ms.
Invoked RoslynAnalysisRunner static constructor.
RoslynAnalysisRunner will not be running.
RoslynAnalysisRunner has terminated.
Mono: successfully reloaded assembly
- Completed reload, in  2.107 seconds
Platform modules already initialized, skipping
Shader 'Universal Render Pipeline/Particles/Lit': fallback shader 'Universal Render Pipeline/Particles/SimpleLit' not found
Shader 'Universal Render Pipeline/Particles/Lit': fallback shader 'Universal Render Pipeline/Particles/SimpleLit' not found
Refreshing native plugins compatible for Editor in 0.66 ms, found 0 plugins.
Preloading 0 native plugins for Editor in 0.00 ms.
Unloading 2342 Unused Serialized files (Serialized files now loaded: 0)
System memory in use before: 111.4 MB.
System memory in use after: 109.7 MB.

Unloading 36 unused Assets to reduce memory usage. Loaded Objects now: 2843.
Total: 7.122500 ms (FindLiveObjects: 0.392900 ms CreateObjectMapping: 0.204900 ms MarkObjects: 3.518200 ms  DeleteObjects: 3.004200 ms)

========================================================================
Received Prepare
Registering precompiled user dll's ...
Registered in 0.002871 seconds.
Begin MonoManager ReloadAssembly
Native extension for WindowsStandalone target not found
Refreshing native plugins compatible for Editor in 0.67 ms, found 0 plugins.
Preloading 0 native plugins for Editor in 0.00 ms.
Invoked RoslynAnalysisRunner static constructor.
RoslynAnalysisRunner will not be running.
RoslynAnalysisRunner has terminated.
Mono: successfully reloaded assembly
- Completed reload, in  1.962 seconds
Platform modules already initialized, skipping
Shader 'Universal Render Pipeline/Particles/Lit': fallback shader 'Universal Render Pipeline/Particles/SimpleLit' not found
Shader 'Universal Render Pipeline/Particles/Lit': fallback shader 'Universal Render Pipeline/Particles/SimpleLit' not found
Refreshing native plugins compatible for Editor in 0.78 ms, found 0 plugins.
Preloading 0 native plugins for Editor in 0.00 ms.
Unloading 2342 Unused Serialized files (Serialized files now loaded: 0)
System memory in use before: 111.5 MB.
System memory in use after: 109.7 MB.

Unloading 36 unused Assets to reduce memory usage. Loaded Objects now: 2845.
Total: 6.166400 ms (FindLiveObjects: 0.775900 ms CreateObjectMapping: 0.363500 ms MarkObjects: 2.887100 ms  DeleteObjects: 2.138000 ms)

========================================================================
Received Prepare
Registering precompiled user dll's ...
Registered in 0.004019 seconds.
Begin MonoManager ReloadAssembly
Native extension for WindowsStandalone target not found
Refreshing native plugins compatible for Editor in 0.69 ms, found 0 plugins.
Preloading 0 native plugins for Editor in 0.00 ms.
Invoked RoslynAnalysisRunner static constructor.
RoslynAnalysisRunner will not be running.
RoslynAnalysisRunner has terminated.
Mono: successfully reloaded assembly
- Completed reload, in  2.017 seconds
Platform modules already initialized, skipping
Shader 'Universal Render Pipeline/Particles/Lit': fallback shader 'Universal Render Pipeline/Particles/SimpleLit' not found
Shader 'Universal Render Pipeline/Particles/Lit': fallback shader 'Universal Render Pipeline/Particles/SimpleLit' not found
Refreshing native plugins compatible for Editor in 0.70 ms, found 0 plugins.
Preloading 0 native plugins for Editor in 0.00 ms.
Unloading 2342 Unused Serialized files (Serialized files now loaded: 0)
System memory in use before: 111.5 MB.
System memory in use after: 109.7 MB.

Unloading 36 unused Assets to reduce memory usage. Loaded Objects now: 2847.
Total: 6.535900 ms (FindLiveObjects: 0.396600 ms CreateObjectMapping: 0.206400 ms MarkObjects: 3.010300 ms  DeleteObjects: 2.920800 ms)

========================================================================
Received Import Request.
  path: Assets/Space Sim/Scripts/MotherShip.cs
  artifactKey: Guid(05461f3c6c4f4a64ab76cf9963da0c76) Importer(815301076,1909f56bfc062723c751e8b465ee728b)
Start importing Assets/Space Sim/Scripts/MotherShip.cs using Guid(05461f3c6c4f4a64ab76cf9963da0c76) Importer(815301076,1909f56bfc062723c751e8b465ee728b)  -> (artifact id: '3ff1d0bc8874a9ba8c45f555ec86461c') in 0.066138 seconds
  Import took 0.073391 seconds .

========================================================================
Received Prepare
Registering precompiled user dll's ...
Registered in 0.005794 seconds.
Begin MonoManager ReloadAssembly
Native extension for WindowsStandalone target not found
Refreshing native plugins compatible for Editor in 0.67 ms, found 0 plugins.
Preloading 0 native plugins for Editor in 0.00 ms.
Invoked RoslynAnalysisRunner static constructor.
RoslynAnalysisRunner will not be running.
RoslynAnalysisRunner has terminated.
Mono: successfully reloaded assembly
- Completed reload, in  2.035 seconds
Platform modules already initialized, skipping
Shader 'Universal Render Pipeline/Particles/Lit': fallback shader 'Universal Render Pipeline/Particles/SimpleLit' not found
Shader 'Universal Render Pipeline/Particles/Lit': fallback shader 'Universal Render Pipeline/Particles/SimpleLit' not found
Refreshing native plugins compatible for Editor in 1.09 ms, found 0 plugins.
Preloading 0 native plugins for Editor in 0.00 ms.
Unloading 2342 Unused Serialized files (Serialized files now loaded: 0)
System memory in use before: 111.4 MB.
System memory in use after: 109.6 MB.

Unloading 36 unused Assets to reduce memory usage. Loaded Objects now: 2849.
Total: 6.234800 ms (FindLiveObjects: 0.406200 ms CreateObjectMapping: 0.274700 ms MarkObjects: 3.436100 ms  DeleteObjects: 2.116000 ms)

========================================================================
Received Prepare
Registering precompiled user dll's ...
Registered in 0.003485 seconds.
Begin MonoManager ReloadAssembly
Native extension for WindowsStandalone target not found
Refreshing native plugins compatible for Editor in 0.63 ms, found 0 plugins.
Preloading 0 native plugins for Editor in 0.00 ms.
Invoked RoslynAnalysisRunner static constructor.
RoslynAnalysisRunner will not be running.
RoslynAnalysisRunner has terminated.
Mono: successfully reloaded assembly
- Completed reload, in  2.091 seconds
Platform modules already initialized, skipping
Shader 'Universal Render Pipeline/Particles/Lit': fallback shader 'Universal Render Pipeline/Particles/SimpleLit' not found
Shader 'Universal Render Pipeline/Particles/Lit': fallback shader 'Universal Render Pipeline/Particles/SimpleLit' not found
Refreshing native plugins compatible for Editor in 1.08 ms, found 0 plugins.
Preloading 0 native plugins for Editor in 0.00 ms.
Unloading 2342 Unused Serialized files (Serialized files now loaded: 0)
System memory in use before: 111.5 MB.
System memory in use after: 109.7 MB.

Unloading 36 unused Assets to reduce memory usage. Loaded Objects now: 2851.
Total: 6.239600 ms (FindLiveObjects: 0.435500 ms CreateObjectMapping: 0.228500 ms MarkObjects: 3.127600 ms  DeleteObjects: 2.445700 ms)

========================================================================
Received Prepare
Registering precompiled user dll's ...
Registered in 0.003017 seconds.
Begin MonoManager ReloadAssembly
Native extension for WindowsStandalone target not found
Refreshing native plugins compatible for Editor in 1.00 ms, found 0 plugins.
Preloading 0 native plugins for Editor in 0.00 ms.
Invoked RoslynAnalysisRunner static constructor.
RoslynAnalysisRunner will not be running.
RoslynAnalysisRunner has terminated.
Mono: successfully reloaded assembly
- Completed reload, in  2.024 seconds
Platform modules already initialized, skipping
Shader 'Universal Render Pipeline/Particles/Lit': fallback shader 'Universal Render Pipeline/Particles/SimpleLit' not found
Shader 'Universal Render Pipeline/Particles/Lit': fallback shader 'Universal Render Pipeline/Particles/SimpleLit' not found
Refreshing native plugins compatible for Editor in 0.68 ms, found 0 plugins.
Preloading 0 native plugins for Editor in 0.00 ms.
Unloading 2342 Unused Serialized files (Serialized files now loaded: 0)
System memory in use before: 111.5 MB.
System memory in use after: 109.7 MB.

Unloading 36 unused Assets to reduce memory usage. Loaded Objects now: 2853.
Total: 6.192100 ms (FindLiveObjects: 0.432400 ms CreateObjectMapping: 0.256600 ms MarkObjects: 3.139800 ms  DeleteObjects: 2.361000 ms)

========================================================================
Received Import Request.
  Time since last request: 1219.136426 seconds.
  path: Assets/Space Sim/Scripts/Spawner.cs
  artifactKey: Guid(cd970b828b31a7a4f8f042695bc0f4a3) Importer(815301076,1909f56bfc062723c751e8b465ee728b)
Start importing Assets/Space Sim/Scripts/Spawner.cs using Guid(cd970b828b31a7a4f8f042695bc0f4a3) Importer(815301076,1909f56bfc062723c751e8b465ee728b)  -> (artifact id: 'a801583670deaf63a17afb20ea8d4682') in 0.045378 seconds
  Import took 0.062057 seconds .

========================================================================
Received Import Request.
  Time since last request: 0.028166 seconds.
  path: Assets/Space Sim/Scripts/Spawner.cs
  artifactKey: Guid(cd970b828b31a7a4f8f042695bc0f4a3) Importer(815301076,1909f56bfc062723c751e8b465ee728b)
Start importing Assets/Space Sim/Scripts/Spawner.cs using Guid(cd970b828b31a7a4f8f042695bc0f4a3) Importer(815301076,1909f56bfc062723c751e8b465ee728b)  -> (artifact id: 'a801583670deaf63a17afb20ea8d4682') in 0.021295 seconds
  Import took 0.050860 seconds .

========================================================================
Received Prepare
Registering precompiled user dll's ...
Registered in 0.004097 seconds.
Begin MonoManager ReloadAssembly
Native extension for WindowsStandalone target not found
Refreshing native plugins compatible for Editor in 0.68 ms, found 0 plugins.
Preloading 0 native plugins for Editor in 0.00 ms.
Invoked RoslynAnalysisRunner static constructor.
RoslynAnalysisRunner will not be running.
RoslynAnalysisRunner has terminated.
Mono: successfully reloaded assembly
- Completed reload, in  2.257 seconds
Platform modules already initialized, skipping
Shader 'Universal Render Pipeline/Particles/Lit': fallback shader 'Universal Render Pipeline/Particles/SimpleLit' not found
Shader 'Universal Render Pipeline/Particles/Lit': fallback shader 'Universal Render Pipeline/Particles/SimpleLit' not found
Refreshing native plugins compatible for Editor in 0.74 ms, found 0 plugins.
Preloading 0 native plugins for Editor in 0.00 ms.
Unloading 2343 Unused Serialized files (Serialized files now loaded: 0)
System memory in use before: 111.5 MB.
System memory in use after: 109.8 MB.

Unloading 36 unused Assets to reduce memory usage. Loaded Objects now: 2856.
Total: 6.338600 ms (FindLiveObjects: 0.438000 ms CreateObjectMapping: 0.234500 ms MarkObjects: 3.194900 ms  DeleteObjects: 2.468700 ms)

========================================================================
Received Prepare
Registering precompiled user dll's ...
Registered in 0.001857 seconds.
Begin MonoManager ReloadAssembly
Native extension for WindowsStandalone target not found
Refreshing native plugins compatible for Editor in 0.55 ms, found 0 plugins.
Preloading 0 native plugins for Editor in 0.00 ms.
Invoked RoslynAnalysisRunner static constructor.
RoslynAnalysisRunner will not be running.
RoslynAnalysisRunner has terminated.
Mono: successfully reloaded assembly
- Completed reload, in  1.311 seconds
Platform modules already initialized, skipping
Shader 'Universal Render Pipeline/Particles/Lit': fallback shader 'Universal Render Pipeline/Particles/SimpleLit' not found
Shader 'Universal Render Pipeline/Particles/Lit': fallback shader 'Universal Render Pipeline/Particles/SimpleLit' not found
Refreshing native plugins compatible for Editor in 0.49 ms, found 0 plugins.
Preloading 0 native plugins for Editor in 0.00 ms.
Unloading 2343 Unused Serialized files (Serialized files now loaded: 0)
System memory in use before: 111.5 MB.
System memory in use after: 109.8 MB.

Unloading 36 unused Assets to reduce memory usage. Loaded Objects now: 2858.
Total: 4.259000 ms (FindLiveObjects: 0.286100 ms CreateObjectMapping: 0.156700 ms MarkObjects: 2.292800 ms  DeleteObjects: 1.522300 ms)

========================================================================
Received Import Request.
  Time since last request: 672.684184 seconds.
  path: Assets/Space Sim/Scripts/Spawner.cs
  artifactKey: Guid(cd970b828b31a7a4f8f042695bc0f4a3) Importer(815301076,1909f56bfc062723c751e8b465ee728b)
Start importing Assets/Space Sim/Scripts/Spawner.cs using Guid(cd970b828b31a7a4f8f042695bc0f4a3) Importer(815301076,1909f56bfc062723c751e8b465ee728b)  -> (artifact id: 'e02a87d837e0b874d0d168d5e3360c6e') in 0.010616 seconds
  Import took 0.017333 seconds .

========================================================================
Received Prepare
Registering precompiled user dll's ...
Registered in 0.002285 seconds.
Begin MonoManager ReloadAssembly
Native extension for WindowsStandalone target not found
Refreshing native plugins compatible for Editor in 0.73 ms, found 0 plugins.
Preloading 0 native plugins for Editor in 0.00 ms.
Invoked RoslynAnalysisRunner static constructor.
RoslynAnalysisRunner will not be running.
RoslynAnalysisRunner has terminated.
Mono: successfully reloaded assembly
- Completed reload, in  1.337 seconds
Platform modules already initialized, skipping
Shader 'Universal Render Pipeline/Particles/Lit': fallback shader 'Universal Render Pipeline/Particles/SimpleLit' not found
Shader 'Universal Render Pipeline/Particles/Lit': fallback shader 'Universal Render Pipeline/Particles/SimpleLit' not found
Refreshing native plugins compatible for Editor in 0.57 ms, found 0 plugins.
Preloading 0 native plugins for Editor in 0.00 ms.
Unloading 2343 Unused Serialized files (Serialized files now loaded: 0)
System memory in use before: 111.4 MB.
System memory in use after: 109.7 MB.

Unloading 36 unused Assets to reduce memory usage. Loaded Objects now: 2860.
Total: 4.282300 ms (FindLiveObjects: 0.340400 ms CreateObjectMapping: 0.147300 ms MarkObjects: 2.160900 ms  DeleteObjects: 1.631800 ms)

========================================================================
Received Prepare
Registering precompiled user dll's ...
Registered in 0.001401 seconds.
Begin MonoManager ReloadAssembly
Native extension for WindowsStandalone target not found
Refreshing native plugins compatible for Editor in 0.89 ms, found 0 plugins.
Preloading 0 native plugins for Editor in 0.00 ms.
Invoked RoslynAnalysisRunner static constructor.
RoslynAnalysisRunner will not be running.
RoslynAnalysisRunner has terminated.
Mono: successfully reloaded assembly
- Completed reload, in  0.893 seconds
Platform modules already initialized, skipping
Shader 'Universal Render Pipeline/Particles/Lit': fallback shader 'Universal Render Pipeline/Particles/SimpleLit' not found
Shader 'Universal Render Pipeline/Particles/Lit': fallback shader 'Universal Render Pipeline/Particles/SimpleLit' not found
Refreshing native plugins compatible for Editor in 0.37 ms, found 0 plugins.
Preloading 0 native plugins for Editor in 0.00 ms.
Unloading 2343 Unused Serialized files (Serialized files now loaded: 0)
System memory in use before: 111.5 MB.
System memory in use after: 109.8 MB.

Unloading 36 unused Assets to reduce memory usage. Loaded Objects now: 2862.
Total: 3.519000 ms (FindLiveObjects: 0.236300 ms CreateObjectMapping: 0.100600 ms MarkObjects: 1.553100 ms  DeleteObjects: 1.627900 ms)

========================================================================
Received Prepare
Registering precompiled user dll's ...
Registered in 0.001323 seconds.
Begin MonoManager ReloadAssembly
Native extension for WindowsStandalone target not found
Refreshing native plugins compatible for Editor in 0.36 ms, found 0 plugins.
Preloading 0 native plugins for Editor in 0.00 ms.
Invoked RoslynAnalysisRunner static constructor.
RoslynAnalysisRunner will not be running.
RoslynAnalysisRunner has terminated.
Mono: successfully reloaded assembly
- Completed reload, in  0.851 seconds
Platform modules already initialized, skipping
Shader 'Universal Render Pipeline/Particles/Lit': fallback shader 'Universal Render Pipeline/Particles/SimpleLit' not found
Shader 'Universal Render Pipeline/Particles/Lit': fallback shader 'Universal Render Pipeline/Particles/SimpleLit' not found
Refreshing native plugins compatible for Editor in 0.35 ms, found 0 plugins.
Preloading 0 native plugins for Editor in 0.00 ms.
Unloading 2343 Unused Serialized files (Serialized files now loaded: 0)
System memory in use before: 111.6 MB.
System memory in use after: 109.8 MB.

Unloading 36 unused Assets to reduce memory usage. Loaded Objects now: 2864.
Total: 4.142500 ms (FindLiveObjects: 0.249600 ms CreateObjectMapping: 0.115200 ms MarkObjects: 2.330500 ms  DeleteObjects: 1.446100 ms)

========================================================================
Received Prepare
Registering precompiled user dll's ...
Registered in 0.001293 seconds.
Begin MonoManager ReloadAssembly
Native extension for WindowsStandalone target not found
Refreshing native plugins compatible for Editor in 0.36 ms, found 0 plugins.
Preloading 0 native plugins for Editor in 0.00 ms.
Invoked RoslynAnalysisRunner static constructor.
RoslynAnalysisRunner will not be running.
RoslynAnalysisRunner has terminated.
Mono: successfully reloaded assembly
- Completed reload, in  0.853 seconds
Platform modules already initialized, skipping
Shader 'Universal Render Pipeline/Particles/Lit': fallback shader 'Universal Render Pipeline/Particles/SimpleLit' not found
Shader 'Universal Render Pipeline/Particles/Lit': fallback shader 'Universal Render Pipeline/Particles/SimpleLit' not found
Refreshing native plugins compatible for Editor in 0.36 ms, found 0 plugins.
Preloading 0 native plugins for Editor in 0.00 ms.
Unloading 2343 Unused Serialized files (Serialized files now loaded: 0)
System memory in use before: 111.6 MB.
System memory in use after: 109.8 MB.

Unloading 36 unused Assets to reduce memory usage. Loaded Objects now: 2866.
Total: 3.270500 ms (FindLiveObjects: 0.324100 ms CreateObjectMapping: 0.157600 ms MarkObjects: 1.653500 ms  DeleteObjects: 1.133800 ms)

========================================================================
Received Prepare
Registering precompiled user dll's ...
Registered in 0.001253 seconds.
Begin MonoManager ReloadAssembly
Native extension for WindowsStandalone target not found
Refreshing native plugins compatible for Editor in 0.38 ms, found 0 plugins.
Preloading 0 native plugins for Editor in 0.00 ms.
Invoked RoslynAnalysisRunner static constructor.
RoslynAnalysisRunner will not be running.
RoslynAnalysisRunner has terminated.
Mono: successfully reloaded assembly
- Completed reload, in  0.903 seconds
Platform modules already initialized, skipping
Shader 'Universal Render Pipeline/Particles/Lit': fallback shader 'Universal Render Pipeline/Particles/SimpleLit' not found
Shader 'Universal Render Pipeline/Particles/Lit': fallback shader 'Universal Render Pipeline/Particles/SimpleLit' not found
Refreshing native plugins compatible for Editor in 0.36 ms, found 0 plugins.
Preloading 0 native plugins for Editor in 0.00 ms.
Unloading 2343 Unused Serialized files (Serialized files now loaded: 0)
System memory in use before: 111.6 MB.
System memory in use after: 109.8 MB.

Unloading 36 unused Assets to reduce memory usage. Loaded Objects now: 2868.
Total: 3.146000 ms (FindLiveObjects: 0.240500 ms CreateObjectMapping: 0.107800 ms MarkObjects: 1.656300 ms  DeleteObjects: 1.140800 ms)

========================================================================
Received Prepare
Registering precompiled user dll's ...
Registered in 0.001303 seconds.
Begin MonoManager ReloadAssembly
Native extension for WindowsStandalone target not found
Refreshing native plugins compatible for Editor in 0.42 ms, found 0 plugins.
Preloading 0 native plugins for Editor in 0.00 ms.
Invoked RoslynAnalysisRunner static constructor.
RoslynAnalysisRunner will not be running.
RoslynAnalysisRunner has terminated.
Mono: successfully reloaded assembly
- Completed reload, in  0.906 seconds
Platform modules already initialized, skipping
Shader 'Universal Render Pipeline/Particles/Lit': fallback shader 'Universal Render Pipeline/Particles/SimpleLit' not found
Shader 'Universal Render Pipeline/Particles/Lit': fallback shader 'Universal Render Pipeline/Particles/SimpleLit' not found
Refreshing native plugins compatible for Editor in 0.38 ms, found 0 plugins.
Preloading 0 native plugins for Editor in 0.00 ms.
Unloading 2343 Unused Serialized files (Serialized files now loaded: 0)
System memory in use before: 111.5 MB.
System memory in use after: 109.7 MB.

Unloading 36 unused Assets to reduce memory usage. Loaded Objects now: 2870.
Total: 4.977300 ms (FindLiveObjects: 0.467600 ms CreateObjectMapping: 0.184000 ms MarkObjects: 2.509500 ms  DeleteObjects: 1.814400 ms)

========================================================================
Received Import Request.
  Time since last request: 2549.349352 seconds.
  path: Assets/Space Sim/Prefabs/Mother Ship.prefab
  artifactKey: Guid(1d50ab1bba9c6bc4b9ce0504c3eba919) Importer(815301076,1909f56bfc062723c751e8b465ee728b)
Start importing Assets/Space Sim/Prefabs/Mother Ship.prefab using Guid(1d50ab1bba9c6bc4b9ce0504c3eba919) Importer(815301076,1909f56bfc062723c751e8b465ee728b)  -> (artifact id: '27651739b361890586755b293bb0c45c') in 0.351402 seconds
  Import took 0.356638 seconds .

========================================================================
Received Import Request.
  Time since last request: 0.000233 seconds.
  path: Assets/Space Sim/Prefabs/Player Ship.prefab
  artifactKey: Guid(fd7e88511a89a1d4d896eec5c355d5db) Importer(815301076,1909f56bfc062723c751e8b465ee728b)
Start importing Assets/Space Sim/Prefabs/Player Ship.prefab using Guid(fd7e88511a89a1d4d896eec5c355d5db) Importer(815301076,1909f56bfc062723c751e8b465ee728b)  -> (artifact id: '7cd6f1b3a731a040d7e3ab42a7816fa8') in 0.055839 seconds
  Import took 0.060551 seconds .

========================================================================
Received Prepare
Registering precompiled user dll's ...
Registered in 0.001443 seconds.
Begin MonoManager ReloadAssembly
Native extension for WindowsStandalone target not found
Refreshing native plugins compatible for Editor in 0.37 ms, found 0 plugins.
Preloading 0 native plugins for Editor in 0.00 ms.
Invoked RoslynAnalysisRunner static constructor.
RoslynAnalysisRunner will not be running.
RoslynAnalysisRunner has terminated.
Mono: successfully reloaded assembly
- Completed reload, in  0.933 seconds
Platform modules already initialized, skipping
Shader 'Universal Render Pipeline/Particles/Lit': fallback shader 'Universal Render Pipeline/Particles/SimpleLit' not found
Shader 'Universal Render Pipeline/Particles/Lit': fallback shader 'Universal Render Pipeline/Particles/SimpleLit' not found
Refreshing native plugins compatible for Editor in 0.39 ms, found 0 plugins.
Preloading 0 native plugins for Editor in 0.00 ms.
Unloading 2343 Unused Serialized files (Serialized files now loaded: 0)
System memory in use before: 116.9 MB.
System memory in use after: 115.1 MB.

Unloading 38 unused Assets to reduce memory usage. Loaded Objects now: 2920.
Total: 3.776100 ms (FindLiveObjects: 0.396100 ms CreateObjectMapping: 0.124500 ms MarkObjects: 2.200800 ms  DeleteObjects: 1.053200 ms)

========================================================================
Received Prepare
Registering precompiled user dll's ...
Registered in 0.001352 seconds.
Begin MonoManager ReloadAssembly
Native extension for WindowsStandalone target not found
Refreshing native plugins compatible for Editor in 0.37 ms, found 0 plugins.
Preloading 0 native plugins for Editor in 0.00 ms.
Invoked RoslynAnalysisRunner static constructor.
RoslynAnalysisRunner will not be running.
RoslynAnalysisRunner has terminated.
Mono: successfully reloaded assembly
- Completed reload, in  0.868 seconds
Platform modules already initialized, skipping
Shader 'Universal Render Pipeline/Particles/Lit': fallback shader 'Universal Render Pipeline/Particles/SimpleLit' not found
Shader 'Universal Render Pipeline/Particles/Lit': fallback shader 'Universal Render Pipeline/Particles/SimpleLit' not found
Refreshing native plugins compatible for Editor in 0.36 ms, found 0 plugins.
Preloading 0 native plugins for Editor in 0.00 ms.
Unloading 2343 Unused Serialized files (Serialized files now loaded: 0)
System memory in use before: 116.9 MB.
System memory in use after: 115.1 MB.

Unloading 36 unused Assets to reduce memory usage. Loaded Objects now: 2922.
Total: 3.253700 ms (FindLiveObjects: 0.250400 ms CreateObjectMapping: 0.103800 ms MarkObjects: 1.743900 ms  DeleteObjects: 1.154600 ms)

========================================================================
Received Prepare
Registering precompiled user dll's ...
Registered in 0.125772 seconds.
Begin MonoManager ReloadAssembly
Native extension for WindowsStandalone target not found
Refreshing native plugins compatible for Editor in 0.66 ms, found 0 plugins.
Preloading 0 native plugins for Editor in 0.00 ms.
Invoked RoslynAnalysisRunner static constructor.
RoslynAnalysisRunner will not be running.
RoslynAnalysisRunner has terminated.
Mono: successfully reloaded assembly
- Completed reload, in  1.709 seconds
Platform modules already initialized, skipping
Shader 'Universal Render Pipeline/Particles/Lit': fallback shader 'Universal Render Pipeline/Particles/SimpleLit' not found
Shader 'Universal Render Pipeline/Particles/Lit': fallback shader 'Universal Render Pipeline/Particles/SimpleLit' not found
Refreshing native plugins compatible for Editor in 0.36 ms, found 0 plugins.
Preloading 0 native plugins for Editor in 0.00 ms.
Unloading 2343 Unused Serialized files (Serialized files now loaded: 0)
System memory in use before: 116.9 MB.
System memory in use after: 115.1 MB.

Unloading 36 unused Assets to reduce memory usage. Loaded Objects now: 2924.
Total: 9.163800 ms (FindLiveObjects: 0.350700 ms CreateObjectMapping: 0.130000 ms MarkObjects: 6.429700 ms  DeleteObjects: 2.251800 ms)

========================================================================
Received Prepare
Registering precompiled user dll's ...
Registered in 0.004493 seconds.
Begin MonoManager ReloadAssembly
Native extension for WindowsStandalone target not found
Refreshing native plugins compatible for Editor in 0.69 ms, found 0 plugins.
Preloading 0 native plugins for Editor in 0.00 ms.
Invoked RoslynAnalysisRunner static constructor.
RoslynAnalysisRunner will not be running.
RoslynAnalysisRunner has terminated.
Mono: successfully reloaded assembly
- Completed reload, in  2.992 seconds
Platform modules already initialized, skipping
Shader 'Universal Render Pipeline/Particles/Lit': fallback shader 'Universal Render Pipeline/Particles/SimpleLit' not found
Shader 'Universal Render Pipeline/Particles/Lit': fallback shader 'Universal Render Pipeline/Particles/SimpleLit' not found
Refreshing native plugins compatible for Editor in 0.72 ms, found 0 plugins.
Preloading 0 native plugins for Editor in 0.00 ms.
Unloading 2343 Unused Serialized files (Serialized files now loaded: 0)
System memory in use before: 116.9 MB.
System memory in use after: 115.1 MB.

Unloading 36 unused Assets to reduce memory usage. Loaded Objects now: 2926.
Total: 6.460300 ms (FindLiveObjects: 0.470000 ms CreateObjectMapping: 0.236200 ms MarkObjects: 3.353500 ms  DeleteObjects: 2.398300 ms)

========================================================================
Received Prepare
Registering precompiled user dll's ...
Registered in 0.002732 seconds.
Begin MonoManager ReloadAssembly
Native extension for WindowsStandalone target not found
Refreshing native plugins compatible for Editor in 0.63 ms, found 0 plugins.
Preloading 0 native plugins for Editor in 0.00 ms.
Invoked RoslynAnalysisRunner static constructor.
RoslynAnalysisRunner will not be running.
RoslynAnalysisRunner has terminated.
Mono: successfully reloaded assembly
- Completed reload, in  1.995 seconds
Platform modules already initialized, skipping
Shader 'Universal Render Pipeline/Particles/Lit': fallback shader 'Universal Render Pipeline/Particles/SimpleLit' not found
Shader 'Universal Render Pipeline/Particles/Lit': fallback shader 'Universal Render Pipeline/Particles/SimpleLit' not found
Refreshing native plugins compatible for Editor in 0.65 ms, found 0 plugins.
Preloading 0 native plugins for Editor in 0.00 ms.
Unloading 2343 Unused Serialized files (Serialized files now loaded: 0)
System memory in use before: 116.8 MB.
System memory in use after: 115.0 MB.

Unloading 36 unused Assets to reduce memory usage. Loaded Objects now: 2928.
Total: 6.430800 ms (FindLiveObjects: 0.400900 ms CreateObjectMapping: 0.208500 ms MarkObjects: 3.531300 ms  DeleteObjects: 2.288000 ms)

========================================================================
Received Prepare
Registering precompiled user dll's ...
Registered in 0.003065 seconds.
Begin MonoManager ReloadAssembly
Native extension for WindowsStandalone target not found
Refreshing native plugins compatible for Editor in 0.78 ms, found 0 plugins.
Preloading 0 native plugins for Editor in 0.00 ms.
Invoked RoslynAnalysisRunner static constructor.
RoslynAnalysisRunner will not be running.
RoslynAnalysisRunner has terminated.
Mono: successfully reloaded assembly
- Completed reload, in  2.125 seconds
Platform modules already initialized, skipping
Shader 'Universal Render Pipeline/Particles/Lit': fallback shader 'Universal Render Pipeline/Particles/SimpleLit' not found
Shader 'Universal Render Pipeline/Particles/Lit': fallback shader 'Universal Render Pipeline/Particles/SimpleLit' not found
Refreshing native plugins compatible for Editor in 0.68 ms, found 0 plugins.
Preloading 0 native plugins for Editor in 0.00 ms.
Unloading 2343 Unused Serialized files (Serialized files now loaded: 0)
System memory in use before: 116.9 MB.
System memory in use after: 115.1 MB.

Unloading 36 unused Assets to reduce memory usage. Loaded Objects now: 2930.
Total: 6.320400 ms (FindLiveObjects: 0.429400 ms CreateObjectMapping: 0.219700 ms MarkObjects: 3.207500 ms  DeleteObjects: 2.462000 ms)

========================================================================
Received Prepare
Registering precompiled user dll's ...
Registered in 0.003719 seconds.
Begin MonoManager ReloadAssembly
Native extension for WindowsStandalone target not found
Refreshing native plugins compatible for Editor in 0.79 ms, found 0 plugins.
Preloading 0 native plugins for Editor in 0.00 ms.
Invoked RoslynAnalysisRunner static constructor.
RoslynAnalysisRunner will not be running.
RoslynAnalysisRunner has terminated.
Mono: successfully reloaded assembly
- Completed reload, in  2.082 seconds
Platform modules already initialized, skipping
Shader 'Universal Render Pipeline/Particles/Lit': fallback shader 'Universal Render Pipeline/Particles/SimpleLit' not found
Shader 'Universal Render Pipeline/Particles/Lit': fallback shader 'Universal Render Pipeline/Particles/SimpleLit' not found
Refreshing native plugins compatible for Editor in 1.91 ms, found 0 plugins.
Preloading 0 native plugins for Editor in 0.00 ms.
Unloading 2343 Unused Serialized files (Serialized files now loaded: 0)
System memory in use before: 117.0 MB.
System memory in use after: 115.2 MB.

Unloading 36 unused Assets to reduce memory usage. Loaded Objects now: 2932.
Total: 6.837100 ms (FindLiveObjects: 0.501300 ms CreateObjectMapping: 0.282500 ms MarkObjects: 3.742200 ms  DeleteObjects: 2.308400 ms)

========================================================================
Received Prepare
Registering precompiled user dll's ...
Registered in 0.002790 seconds.
Begin MonoManager ReloadAssembly
Native extension for WindowsStandalone target not found
Refreshing native plugins compatible for Editor in 0.62 ms, found 0 plugins.
Preloading 0 native plugins for Editor in 0.00 ms.
Invoked RoslynAnalysisRunner static constructor.
RoslynAnalysisRunner will not be running.
RoslynAnalysisRunner has terminated.
Mono: successfully reloaded assembly
- Completed reload, in  2.072 seconds
Platform modules already initialized, skipping
Shader 'Universal Render Pipeline/Particles/Lit': fallback shader 'Universal Render Pipeline/Particles/SimpleLit' not found
Shader 'Universal Render Pipeline/Particles/Lit': fallback shader 'Universal Render Pipeline/Particles/SimpleLit' not found
Refreshing native plugins compatible for Editor in 0.79 ms, found 0 plugins.
Preloading 0 native plugins for Editor in 0.00 ms.
Unloading 2343 Unused Serialized files (Serialized files now loaded: 0)
System memory in use before: 116.9 MB.
System memory in use after: 115.1 MB.

Unloading 36 unused Assets to reduce memory usage. Loaded Objects now: 2934.
Total: 12.910600 ms (FindLiveObjects: 0.619400 ms CreateObjectMapping: 0.814500 ms MarkObjects: 7.650300 ms  DeleteObjects: 3.823000 ms)

========================================================================
Received Prepare
Registering precompiled user dll's ...
Registered in 0.002757 seconds.
Begin MonoManager ReloadAssembly
Native extension for WindowsStandalone target not found
Refreshing native plugins compatible for Editor in 0.71 ms, found 0 plugins.
Preloading 0 native plugins for Editor in 0.00 ms.
Invoked RoslynAnalysisRunner static constructor.
RoslynAnalysisRunner will not be running.
RoslynAnalysisRunner has terminated.
Mono: successfully reloaded assembly
- Completed reload, in  2.112 seconds
Platform modules already initialized, skipping
Shader 'Universal Render Pipeline/Particles/Lit': fallback shader 'Universal Render Pipeline/Particles/SimpleLit' not found
Shader 'Universal Render Pipeline/Particles/Lit': fallback shader 'Universal Render Pipeline/Particles/SimpleLit' not found
Refreshing native plugins compatible for Editor in 0.66 ms, found 0 plugins.
Preloading 0 native plugins for Editor in 0.00 ms.
Unloading 2343 Unused Serialized files (Serialized files now loaded: 0)
System memory in use before: 116.9 MB.
System memory in use after: 115.2 MB.

Unloading 36 unused Assets to reduce memory usage. Loaded Objects now: 2936.
Total: 6.323500 ms (FindLiveObjects: 0.484000 ms CreateObjectMapping: 0.230800 ms MarkObjects: 3.263500 ms  DeleteObjects: 2.342400 ms)

========================================================================
Received Prepare
Registering precompiled user dll's ...
Registered in 0.004710 seconds.
Begin MonoManager ReloadAssembly
Native extension for WindowsStandalone target not found
Refreshing native plugins compatible for Editor in 0.78 ms, found 0 plugins.
Preloading 0 native plugins for Editor in 0.00 ms.
Invoked RoslynAnalysisRunner static constructor.
RoslynAnalysisRunner will not be running.
RoslynAnalysisRunner has terminated.
Mono: successfully reloaded assembly
- Completed reload, in  2.063 seconds
Platform modules already initialized, skipping
Shader 'Universal Render Pipeline/Particles/Lit': fallback shader 'Universal Render Pipeline/Particles/SimpleLit' not found
Shader 'Universal Render Pipeline/Particles/Lit': fallback shader 'Universal Render Pipeline/Particles/SimpleLit' not found
Refreshing native plugins compatible for Editor in 0.68 ms, found 0 plugins.
Preloading 0 native plugins for Editor in 0.00 ms.
Unloading 2343 Unused Serialized files (Serialized files now loaded: 0)
System memory in use before: 116.9 MB.
System memory in use after: 115.1 MB.

Unloading 36 unused Assets to reduce memory usage. Loaded Objects now: 2938.
Total: 6.230700 ms (FindLiveObjects: 0.446500 ms CreateObjectMapping: 0.224900 ms MarkObjects: 3.269400 ms  DeleteObjects: 2.288200 ms)

========================================================================
Received Prepare
Registering precompiled user dll's ...
Registered in 0.002654 seconds.
Begin MonoManager ReloadAssembly
Native extension for WindowsStandalone target not found
Refreshing native plugins compatible for Editor in 0.39 ms, found 0 plugins.
Preloading 0 native plugins for Editor in 0.00 ms.
Invoked RoslynAnalysisRunner static constructor.
RoslynAnalysisRunner will not be running.
RoslynAnalysisRunner has terminated.
Mono: successfully reloaded assembly
- Completed reload, in  1.131 seconds
Platform modules already initialized, skipping
Shader 'Universal Render Pipeline/Particles/Lit': fallback shader 'Universal Render Pipeline/Particles/SimpleLit' not found
Shader 'Universal Render Pipeline/Particles/Lit': fallback shader 'Universal Render Pipeline/Particles/SimpleLit' not found
Refreshing native plugins compatible for Editor in 0.35 ms, found 0 plugins.
Preloading 0 native plugins for Editor in 0.00 ms.
Unloading 2343 Unused Serialized files (Serialized files now loaded: 0)
System memory in use before: 117.0 MB.
System memory in use after: 115.2 MB.

Unloading 36 unused Assets to reduce memory usage. Loaded Objects now: 2940.
Total: 3.596700 ms (FindLiveObjects: 0.238500 ms CreateObjectMapping: 0.099700 ms MarkObjects: 1.582000 ms  DeleteObjects: 1.675600 ms)

========================================================================
Received Import Request.
  Time since last request: 120673.695482 seconds.
  path: Assets/Space Sim/Scripts/Ship/Ship.cs
  artifactKey: Guid(3a8894d2416aed64a95fb6b68fb91d9c) Importer(815301076,1909f56bfc062723c751e8b465ee728b)
Start importing Assets/Space Sim/Scripts/Ship/Ship.cs using Guid(3a8894d2416aed64a95fb6b68fb91d9c) Importer(815301076,1909f56bfc062723c751e8b465ee728b)  -> (artifact id: '940f15a41000809758afd37e5832ff48') in 0.013843 seconds
  Import took 0.018907 seconds .

========================================================================
Received Import Request.
  Time since last request: 0.012195 seconds.
  path: Assets/Space Sim/Scripts/Ship/Ship.cs
  artifactKey: Guid(3a8894d2416aed64a95fb6b68fb91d9c) Importer(815301076,1909f56bfc062723c751e8b465ee728b)
Start importing Assets/Space Sim/Scripts/Ship/Ship.cs using Guid(3a8894d2416aed64a95fb6b68fb91d9c) Importer(815301076,1909f56bfc062723c751e8b465ee728b)  -> (artifact id: '940f15a41000809758afd37e5832ff48') in 0.002941 seconds
  Import took 0.007517 seconds .

========================================================================
Received Import Request.
  Time since last request: 6.752186 seconds.
  path: Assets/Space Sim/Scripts/Ship/ShipMovement.cs
  artifactKey: Guid(df001db6f465c36488c7197d739f3349) Importer(815301076,1909f56bfc062723c751e8b465ee728b)
Start importing Assets/Space Sim/Scripts/Ship/ShipMovement.cs using Guid(df001db6f465c36488c7197d739f3349) Importer(815301076,1909f56bfc062723c751e8b465ee728b)  -> (artifact id: '6095d536802a722db891bce63e79a3ad') in 0.006301 seconds
  Import took 0.010805 seconds .

========================================================================
Received Import Request.
  Time since last request: 0.022089 seconds.
  path: Assets/Space Sim/Scripts/Ship/ShipMovement.cs
  artifactKey: Guid(df001db6f465c36488c7197d739f3349) Importer(815301076,1909f56bfc062723c751e8b465ee728b)
Start importing Assets/Space Sim/Scripts/Ship/ShipMovement.cs using Guid(df001db6f465c36488c7197d739f3349) Importer(815301076,1909f56bfc062723c751e8b465ee728b)  -> (artifact id: '6095d536802a722db891bce63e79a3ad') in 0.002458 seconds
  Import took 0.006067 seconds .

========================================================================
Received Import Request.
  Time since last request: 17.855692 seconds.
  path: Assets/Space Sim/Scripts/Ship/ShipRaycast.cs
  artifactKey: Guid(b9fd13064ce27164b8db5d2779a2fed7) Importer(815301076,1909f56bfc062723c751e8b465ee728b)
Start importing Assets/Space Sim/Scripts/Ship/ShipRaycast.cs using Guid(b9fd13064ce27164b8db5d2779a2fed7) Importer(815301076,1909f56bfc062723c751e8b465ee728b)  -> (artifact id: '542fae0db040357210615f5b3a96ec59') in 0.008264 seconds
  Import took 0.012722 seconds .

========================================================================
Received Import Request.
  Time since last request: 0.022262 seconds.
  path: Assets/Space Sim/Scripts/Ship/ShipRaycast.cs
  artifactKey: Guid(b9fd13064ce27164b8db5d2779a2fed7) Importer(815301076,1909f56bfc062723c751e8b465ee728b)
Start importing Assets/Space Sim/Scripts/Ship/ShipRaycast.cs using Guid(b9fd13064ce27164b8db5d2779a2fed7) Importer(815301076,1909f56bfc062723c751e8b465ee728b)  -> (artifact id: '542fae0db040357210615f5b3a96ec59') in 0.015229 seconds
  Import took 0.021684 seconds .

========================================================================
Received Prepare
Registering precompiled user dll's ...
Registered in 0.001275 seconds.
Begin MonoManager ReloadAssembly
Native extension for WindowsStandalone target not found
Refreshing native plugins compatible for Editor in 0.46 ms, found 0 plugins.
Preloading 0 native plugins for Editor in 0.00 ms.
Invoked RoslynAnalysisRunner static constructor.
RoslynAnalysisRunner will not be running.
RoslynAnalysisRunner has terminated.
Mono: successfully reloaded assembly
- Completed reload, in  0.945 seconds
Platform modules already initialized, skipping
Shader 'Universal Render Pipeline/Particles/Lit': fallback shader 'Universal Render Pipeline/Particles/SimpleLit' not found
Shader 'Universal Render Pipeline/Particles/Lit': fallback shader 'Universal Render Pipeline/Particles/SimpleLit' not found
Refreshing native plugins compatible for Editor in 0.35 ms, found 0 plugins.
Preloading 0 native plugins for Editor in 0.00 ms.
Unloading 2344 Unused Serialized files (Serialized files now loaded: 0)
System memory in use before: 117.0 MB.
System memory in use after: 115.2 MB.

Unloading 36 unused Assets to reduce memory usage. Loaded Objects now: 2943.
Total: 3.160800 ms (FindLiveObjects: 0.269600 ms CreateObjectMapping: 0.113200 ms MarkObjects: 1.621300 ms  DeleteObjects: 1.155000 ms)

========================================================================
Received Prepare
Registering precompiled user dll's ...
Registered in 0.001299 seconds.
Begin MonoManager ReloadAssembly
Native extension for WindowsStandalone target not found
Refreshing native plugins compatible for Editor in 0.37 ms, found 0 plugins.
Preloading 0 native plugins for Editor in 0.00 ms.
Invoked RoslynAnalysisRunner static constructor.
RoslynAnalysisRunner will not be running.
RoslynAnalysisRunner has terminated.
Mono: successfully reloaded assembly
- Completed reload, in  0.864 seconds
Platform modules already initialized, skipping
Shader 'Universal Render Pipeline/Particles/Lit': fallback shader 'Universal Render Pipeline/Particles/SimpleLit' not found
Shader 'Universal Render Pipeline/Particles/Lit': fallback shader 'Universal Render Pipeline/Particles/SimpleLit' not found
Refreshing native plugins compatible for Editor in 0.35 ms, found 0 plugins.
Preloading 0 native plugins for Editor in 0.00 ms.
Unloading 2344 Unused Serialized files (Serialized files now loaded: 0)
System memory in use before: 117.0 MB.
System memory in use after: 115.2 MB.

Unloading 36 unused Assets to reduce memory usage. Loaded Objects now: 2945.
Total: 3.017700 ms (FindLiveObjects: 0.232400 ms CreateObjectMapping: 0.104600 ms MarkObjects: 1.556400 ms  DeleteObjects: 1.123400 ms)

========================================================================
Received Import Request.
  Time since last request: 893.785860 seconds.
  path: Assets/Space Sim/Scripts/Ship/ShipRaycast.cs
  artifactKey: Guid(b9fd13064ce27164b8db5d2779a2fed7) Importer(815301076,1909f56bfc062723c751e8b465ee728b)
Start importing Assets/Space Sim/Scripts/Ship/ShipRaycast.cs using Guid(b9fd13064ce27164b8db5d2779a2fed7) Importer(815301076,1909f56bfc062723c751e8b465ee728b)  -> (artifact id: 'ee2a7a55452d7042cff616448ddb1841') in 0.004822 seconds
  Import took 0.009073 seconds .

========================================================================
Received Prepare
Registering precompiled user dll's ...
Registered in 0.001323 seconds.
Begin MonoManager ReloadAssembly
Native extension for WindowsStandalone target not found
Refreshing native plugins compatible for Editor in 0.43 ms, found 0 plugins.
Preloading 0 native plugins for Editor in 0.00 ms.
Invoked RoslynAnalysisRunner static constructor.
RoslynAnalysisRunner will not be running.
RoslynAnalysisRunner has terminated.
Mono: successfully reloaded assembly
- Completed reload, in  0.872 seconds
Platform modules already initialized, skipping
Shader 'Universal Render Pipeline/Particles/Lit': fallback shader 'Universal Render Pipeline/Particles/SimpleLit' not found
Shader 'Universal Render Pipeline/Particles/Lit': fallback shader 'Universal Render Pipeline/Particles/SimpleLit' not found
Refreshing native plugins compatible for Editor in 0.36 ms, found 0 plugins.
Preloading 0 native plugins for Editor in 0.00 ms.
Unloading 2344 Unused Serialized files (Serialized files now loaded: 0)
System memory in use before: 117.0 MB.
System memory in use after: 115.2 MB.

Unloading 36 unused Assets to reduce memory usage. Loaded Objects now: 2947.
Total: 3.471600 ms (FindLiveObjects: 0.423500 ms CreateObjectMapping: 0.163200 ms MarkObjects: 1.714000 ms  DeleteObjects: 1.168800 ms)

========================================================================
Received Import Request.
  Time since last request: 1065.635101 seconds.
  path: Assets/Space Sim/80-808507_improved-crosshairs-crosshair-icon-white.png
  artifactKey: Guid(68028ce5429564e41b5dc163301ade3f) Importer(815301076,1909f56bfc062723c751e8b465ee728b)
Start importing Assets/Space Sim/80-808507_improved-crosshairs-crosshair-icon-white.png using Guid(68028ce5429564e41b5dc163301ade3f) Importer(815301076,1909f56bfc062723c751e8b465ee728b)  -> (artifact id: '7ce5e6e5b99a8e55f277b40d21131876') in 0.190025 seconds
  Import took 0.194227 seconds .

========================================================================
Received Import Request.
  Time since last request: 20.659611 seconds.
  path: Assets/Space Sim/80-808507_improved-crosshairs-crosshair-icon-white.png
  artifactKey: Guid(68028ce5429564e41b5dc163301ade3f) Importer(815301076,1909f56bfc062723c751e8b465ee728b)
Start importing Assets/Space Sim/80-808507_improved-crosshairs-crosshair-icon-white.png using Guid(68028ce5429564e41b5dc163301ade3f) Importer(815301076,1909f56bfc062723c751e8b465ee728b)  -> (artifact id: '5e442488fc4b3635f87924936503bc8a') in 0.048058 seconds
  Import took 0.052142 seconds .

========================================================================
Received Import Request.
  Time since last request: 0.009217 seconds.
  path: Assets/Space Sim/80-808507_improved-crosshairs-crosshair-icon-white.png
  artifactKey: Guid(68028ce5429564e41b5dc163301ade3f) Importer(815301076,1909f56bfc062723c751e8b465ee728b)
Start importing Assets/Space Sim/80-808507_improved-crosshairs-crosshair-icon-white.png using Guid(68028ce5429564e41b5dc163301ade3f) Importer(815301076,1909f56bfc062723c751e8b465ee728b)  -> (artifact id: '5e442488fc4b3635f87924936503bc8a') in 0.019933 seconds
  Import took 0.023261 seconds .

========================================================================
Received Prepare
Registering precompiled user dll's ...
Registered in 0.001333 seconds.
Begin MonoManager ReloadAssembly
Native extension for WindowsStandalone target not found
Refreshing native plugins compatible for Editor in 0.63 ms, found 0 plugins.
Preloading 0 native plugins for Editor in 0.00 ms.
Invoked RoslynAnalysisRunner static constructor.
RoslynAnalysisRunner will not be running.
RoslynAnalysisRunner has terminated.
Mono: successfully reloaded assembly
- Completed reload, in  0.936 seconds
Platform modules already initialized, skipping
Shader 'Universal Render Pipeline/Particles/Lit': fallback shader 'Universal Render Pipeline/Particles/SimpleLit' not found
Shader 'Universal Render Pipeline/Particles/Lit': fallback shader 'Universal Render Pipeline/Particles/SimpleLit' not found
Refreshing native plugins compatible for Editor in 0.35 ms, found 0 plugins.
Preloading 0 native plugins for Editor in 0.00 ms.
Unloading 2344 Unused Serialized files (Serialized files now loaded: 0)
System memory in use before: 116.9 MB.
System memory in use after: 115.1 MB.

Unloading 36 unused Assets to reduce memory usage. Loaded Objects now: 2952.
Total: 3.264200 ms (FindLiveObjects: 0.332100 ms CreateObjectMapping: 0.113300 ms MarkObjects: 1.608900 ms  DeleteObjects: 1.209400 ms)

========================================================================
Received Import Request.
  Time since last request: 194.481841 seconds.
  path: Assets/Space Sim/80-808507_improved-crosshairs-crosshair-icon-white.png
  artifactKey: Guid(68028ce5429564e41b5dc163301ade3f) Importer(815301076,1909f56bfc062723c751e8b465ee728b)
Start importing Assets/Space Sim/80-808507_improved-crosshairs-crosshair-icon-white.png using Guid(68028ce5429564e41b5dc163301ade3f) Importer(815301076,1909f56bfc062723c751e8b465ee728b)  -> (artifact id: 'ce6c431a7fe393b117f9941c1e95fd6d') in 0.051964 seconds
  Import took 0.056105 seconds .

========================================================================
Received Import Request.
  Time since last request: 0.056012 seconds.
  path: Assets/Space Sim/80-808507_improved-crosshairs-crosshair-icon-white.png
  artifactKey: Guid(68028ce5429564e41b5dc163301ade3f) Importer(815301076,1909f56bfc062723c751e8b465ee728b)
Start importing Assets/Space Sim/80-808507_improved-crosshairs-crosshair-icon-white.png using Guid(68028ce5429564e41b5dc163301ade3f) Importer(815301076,1909f56bfc062723c751e8b465ee728b)  -> (artifact id: 'ce6c431a7fe393b117f9941c1e95fd6d') in 0.014194 seconds
  Import took 0.017656 seconds .

========================================================================
Received Import Request.
  Time since last request: 17.306148 seconds.
  path: Assets/Space Sim/80-808507_improved-crosshairs-crosshair-icon-white.png
  artifactKey: Guid(68028ce5429564e41b5dc163301ade3f) Importer(815301076,1909f56bfc062723c751e8b465ee728b)
Start importing Assets/Space Sim/80-808507_improved-crosshairs-crosshair-icon-white.png using Guid(68028ce5429564e41b5dc163301ade3f) Importer(815301076,1909f56bfc062723c751e8b465ee728b)  -> (artifact id: 'dc394e90cf89ffe9a4cfdd606c20ba0c') in 0.014814 seconds
  Import took 0.019081 seconds .

========================================================================
Received Prepare
Registering precompiled user dll's ...
Registered in 0.001282 seconds.
Begin MonoManager ReloadAssembly
Native extension for WindowsStandalone target not found
Refreshing native plugins compatible for Editor in 0.38 ms, found 0 plugins.
Preloading 0 native plugins for Editor in 0.00 ms.
Invoked RoslynAnalysisRunner static constructor.
RoslynAnalysisRunner will not be running.
RoslynAnalysisRunner has terminated.
Mono: successfully reloaded assembly
- Completed reload, in  0.960 seconds
Platform modules already initialized, skipping
Shader 'Universal Render Pipeline/Particles/Lit': fallback shader 'Universal Render Pipeline/Particles/SimpleLit' not found
Shader 'Universal Render Pipeline/Particles/Lit': fallback shader 'Universal Render Pipeline/Particles/SimpleLit' not found
Refreshing native plugins compatible for Editor in 0.85 ms, found 0 plugins.
Preloading 0 native plugins for Editor in 0.00 ms.
Unloading 2344 Unused Serialized files (Serialized files now loaded: 0)
System memory in use before: 117.0 MB.
System memory in use after: 115.2 MB.

Unloading 36 unused Assets to reduce memory usage. Loaded Objects now: 2955.
Total: 4.662200 ms (FindLiveObjects: 0.277600 ms CreateObjectMapping: 0.122000 ms MarkObjects: 2.752100 ms  DeleteObjects: 1.509000 ms)

========================================================================
Received Prepare
Registering precompiled user dll's ...
Registered in 0.001332 seconds.
Begin MonoManager ReloadAssembly
Native extension for WindowsStandalone target not found
Refreshing native plugins compatible for Editor in 0.39 ms, found 0 plugins.
Preloading 0 native plugins for Editor in 0.00 ms.
Invoked RoslynAnalysisRunner static constructor.
RoslynAnalysisRunner will not be running.
RoslynAnalysisRunner has terminated.
Mono: successfully reloaded assembly
- Completed reload, in  0.857 seconds
Platform modules already initialized, skipping
Shader 'Universal Render Pipeline/Particles/Lit': fallback shader 'Universal Render Pipeline/Particles/SimpleLit' not found
Shader 'Universal Render Pipeline/Particles/Lit': fallback shader 'Universal Render Pipeline/Particles/SimpleLit' not found
Refreshing native plugins compatible for Editor in 0.39 ms, found 0 plugins.
Preloading 0 native plugins for Editor in 0.00 ms.
Unloading 2344 Unused Serialized files (Serialized files now loaded: 0)
System memory in use before: 117.0 MB.
System memory in use after: 115.2 MB.

Unloading 36 unused Assets to reduce memory usage. Loaded Objects now: 2957.
Total: 3.270600 ms (FindLiveObjects: 0.292900 ms CreateObjectMapping: 0.123200 ms MarkObjects: 1.632700 ms  DeleteObjects: 1.220800 ms)

========================================================================
Received Prepare
Registering precompiled user dll's ...
Registered in 0.001786 seconds.
Begin MonoManager ReloadAssembly
Native extension for WindowsStandalone target not found
Refreshing native plugins compatible for Editor in 0.75 ms, found 0 plugins.
Preloading 0 native plugins for Editor in 0.00 ms.
Invoked RoslynAnalysisRunner static constructor.
RoslynAnalysisRunner will not be running.
RoslynAnalysisRunner has terminated.
Mono: successfully reloaded assembly
- Completed reload, in  0.951 seconds
Platform modules already initialized, skipping
Shader 'Universal Render Pipeline/Particles/Lit': fallback shader 'Universal Render Pipeline/Particles/SimpleLit' not found
Shader 'Universal Render Pipeline/Particles/Lit': fallback shader 'Universal Render Pipeline/Particles/SimpleLit' not found
Refreshing native plugins compatible for Editor in 0.40 ms, found 0 plugins.
Preloading 0 native plugins for Editor in 0.00 ms.
Unloading 2344 Unused Serialized files (Serialized files now loaded: 0)
System memory in use before: 117.0 MB.
System memory in use after: 115.2 MB.

Unloading 36 unused Assets to reduce memory usage. Loaded Objects now: 2959.
Total: 3.172800 ms (FindLiveObjects: 0.239100 ms CreateObjectMapping: 0.097000 ms MarkObjects: 1.543100 ms  DeleteObjects: 1.292200 ms)

========================================================================
Received Prepare
Registering precompiled user dll's ...
Registered in 0.002134 seconds.
Begin MonoManager ReloadAssembly
Native extension for WindowsStandalone target not found
Refreshing native plugins compatible for Editor in 0.41 ms, found 0 plugins.
Preloading 0 native plugins for Editor in 0.00 ms.
Invoked RoslynAnalysisRunner static constructor.
RoslynAnalysisRunner will not be running.
RoslynAnalysisRunner has terminated.
Mono: successfully reloaded assembly
- Completed reload, in  0.931 seconds
Platform modules already initialized, skipping
Shader 'Universal Render Pipeline/Particles/Lit': fallback shader 'Universal Render Pipeline/Particles/SimpleLit' not found
Shader 'Universal Render Pipeline/Particles/Lit': fallback shader 'Universal Render Pipeline/Particles/SimpleLit' not found
Refreshing native plugins compatible for Editor in 0.39 ms, found 0 plugins.
Preloading 0 native plugins for Editor in 0.00 ms.
Unloading 2344 Unused Serialized files (Serialized files now loaded: 0)
System memory in use before: 117.0 MB.
System memory in use after: 115.2 MB.

Unloading 36 unused Assets to reduce memory usage. Loaded Objects now: 2961.
Total: 3.437900 ms (FindLiveObjects: 0.308200 ms CreateObjectMapping: 0.128400 ms MarkObjects: 1.813400 ms  DeleteObjects: 1.186600 ms)

========================================================================
Received Import Request.
  Time since last request: 1115.415413 seconds.
  path: Assets/Space Sim/crosshair-icon-white.png
  artifactKey: Guid(68028ce5429564e41b5dc163301ade3f) Importer(815301076,1909f56bfc062723c751e8b465ee728b)
Start importing Assets/Space Sim/crosshair-icon-white.png using Guid(68028ce5429564e41b5dc163301ade3f) Importer(815301076,1909f56bfc062723c751e8b465ee728b)  -> (artifact id: 'd243d324b41f52b161a6e1ac0b2ed130') in 0.054664 seconds
  Import took 0.077878 seconds .

========================================================================
Received Import Request.
  Time since last request: 0.030624 seconds.
  path: Assets/Space Sim/crosshair-icon-white.png
  artifactKey: Guid(68028ce5429564e41b5dc163301ade3f) Importer(815301076,1909f56bfc062723c751e8b465ee728b)
Start importing Assets/Space Sim/crosshair-icon-white.png using Guid(68028ce5429564e41b5dc163301ade3f) Importer(815301076,1909f56bfc062723c751e8b465ee728b)  -> (artifact id: 'd243d324b41f52b161a6e1ac0b2ed130') in 0.015010 seconds
  Import took 0.018777 seconds .

========================================================================
Received Prepare
Registering precompiled user dll's ...
Registered in 0.001403 seconds.
Begin MonoManager ReloadAssembly
Native extension for WindowsStandalone target not found
Refreshing native plugins compatible for Editor in 0.36 ms, found 0 plugins.
Preloading 0 native plugins for Editor in 0.00 ms.
Invoked RoslynAnalysisRunner static constructor.
RoslynAnalysisRunner will not be running.
RoslynAnalysisRunner has terminated.
Mono: successfully reloaded assembly
- Completed reload, in  0.857 seconds
Platform modules already initialized, skipping
Shader 'Universal Render Pipeline/Particles/Lit': fallback shader 'Universal Render Pipeline/Particles/SimpleLit' not found
Shader 'Universal Render Pipeline/Particles/Lit': fallback shader 'Universal Render Pipeline/Particles/SimpleLit' not found
Refreshing native plugins compatible for Editor in 0.35 ms, found 0 plugins.
Preloading 0 native plugins for Editor in 0.00 ms.
Unloading 2344 Unused Serialized files (Serialized files now loaded: 0)
System memory in use before: 117.9 MB.
System memory in use after: 116.1 MB.

Unloading 36 unused Assets to reduce memory usage. Loaded Objects now: 2964.
Total: 3.012700 ms (FindLiveObjects: 0.254200 ms CreateObjectMapping: 0.105800 ms MarkObjects: 1.499100 ms  DeleteObjects: 1.152100 ms)

========================================================================
Received Prepare
Registering precompiled user dll's ...
Registered in 0.001334 seconds.
Begin MonoManager ReloadAssembly
Native extension for WindowsStandalone target not found
Refreshing native plugins compatible for Editor in 0.36 ms, found 0 plugins.
Preloading 0 native plugins for Editor in 0.00 ms.
Invoked RoslynAnalysisRunner static constructor.
RoslynAnalysisRunner will not be running.
RoslynAnalysisRunner has terminated.
Mono: successfully reloaded assembly
- Completed reload, in  0.887 seconds
Platform modules already initialized, skipping
Shader 'Universal Render Pipeline/Particles/Lit': fallback shader 'Universal Render Pipeline/Particles/SimpleLit' not found
Shader 'Universal Render Pipeline/Particles/Lit': fallback shader 'Universal Render Pipeline/Particles/SimpleLit' not found
Refreshing native plugins compatible for Editor in 0.66 ms, found 0 plugins.
Preloading 0 native plugins for Editor in 0.00 ms.
Unloading 2344 Unused Serialized files (Serialized files now loaded: 0)
System memory in use before: 117.0 MB.
System memory in use after: 115.2 MB.

Unloading 36 unused Assets to reduce memory usage. Loaded Objects now: 2966.
Total: 3.288500 ms (FindLiveObjects: 0.275400 ms CreateObjectMapping: 0.118000 ms MarkObjects: 1.725700 ms  DeleteObjects: 1.168300 ms)

========================================================================
Received Prepare
Registering precompiled user dll's ...
Registered in 0.001397 seconds.
Begin MonoManager ReloadAssembly
Native extension for WindowsStandalone target not found
Refreshing native plugins compatible for Editor in 0.38 ms, found 0 plugins.
Preloading 0 native plugins for Editor in 0.00 ms.
Invoked RoslynAnalysisRunner static constructor.
RoslynAnalysisRunner will not be running.
RoslynAnalysisRunner has terminated.
Mono: successfully reloaded assembly
- Completed reload, in  0.887 seconds
Platform modules already initialized, skipping
Shader 'Universal Render Pipeline/Particles/Lit': fallback shader 'Universal Render Pipeline/Particles/SimpleLit' not found
Shader 'Universal Render Pipeline/Particles/Lit': fallback shader 'Universal Render Pipeline/Particles/SimpleLit' not found
Refreshing native plugins compatible for Editor in 0.40 ms, found 0 plugins.
Preloading 0 native plugins for Editor in 0.00 ms.
Unloading 2344 Unused Serialized files (Serialized files now loaded: 0)
System memory in use before: 117.1 MB.
System memory in use after: 115.3 MB.

Unloading 36 unused Assets to reduce memory usage. Loaded Objects now: 2968.
Total: 3.150100 ms (FindLiveObjects: 0.260000 ms CreateObjectMapping: 0.111500 ms MarkObjects: 1.638400 ms  DeleteObjects: 1.139400 ms)

========================================================================
Received Prepare
Registering precompiled user dll's ...
Registered in 0.002832 seconds.
Begin MonoManager ReloadAssembly
Native extension for WindowsStandalone target not found
Refreshing native plugins compatible for Editor in 0.77 ms, found 0 plugins.
Preloading 0 native plugins for Editor in 0.00 ms.
Invoked RoslynAnalysisRunner static constructor.
RoslynAnalysisRunner will not be running.
RoslynAnalysisRunner has terminated.
Mono: successfully reloaded assembly
- Completed reload, in  1.987 seconds
Platform modules already initialized, skipping
Shader 'Universal Render Pipeline/Particles/Lit': fallback shader 'Universal Render Pipeline/Particles/SimpleLit' not found
Shader 'Universal Render Pipeline/Particles/Lit': fallback shader 'Universal Render Pipeline/Particles/SimpleLit' not found
Refreshing native plugins compatible for Editor in 0.71 ms, found 0 plugins.
Preloading 0 native plugins for Editor in 0.00 ms.
Unloading 2344 Unused Serialized files (Serialized files now loaded: 0)
System memory in use before: 117.0 MB.
System memory in use after: 115.3 MB.

Unloading 36 unused Assets to reduce memory usage. Loaded Objects now: 2970.
Total: 6.532300 ms (FindLiveObjects: 0.576900 ms CreateObjectMapping: 0.301500 ms MarkObjects: 3.412000 ms  DeleteObjects: 2.240200 ms)

========================================================================
Received Prepare
Registering precompiled user dll's ...
Registered in 0.002789 seconds.
Begin MonoManager ReloadAssembly
Native extension for WindowsStandalone target not found
Refreshing native plugins compatible for Editor in 0.63 ms, found 0 plugins.
Preloading 0 native plugins for Editor in 0.00 ms.
Invoked RoslynAnalysisRunner static constructor.
RoslynAnalysisRunner will not be running.
RoslynAnalysisRunner has terminated.
Mono: successfully reloaded assembly
- Completed reload, in  2.218 seconds
Platform modules already initialized, skipping
Shader 'Universal Render Pipeline/Particles/Lit': fallback shader 'Universal Render Pipeline/Particles/SimpleLit' not found
Shader 'Universal Render Pipeline/Particles/Lit': fallback shader 'Universal Render Pipeline/Particles/SimpleLit' not found
Refreshing native plugins compatible for Editor in 0.69 ms, found 0 plugins.
Preloading 0 native plugins for Editor in 0.00 ms.
Unloading 2344 Unused Serialized files (Serialized files now loaded: 0)
System memory in use before: 117.0 MB.
System memory in use after: 115.3 MB.

Unloading 36 unused Assets to reduce memory usage. Loaded Objects now: 2972.
Total: 5.826200 ms (FindLiveObjects: 0.430500 ms CreateObjectMapping: 0.240100 ms MarkObjects: 2.963900 ms  DeleteObjects: 2.189900 ms)

========================================================================
Received Prepare
Registering precompiled user dll's ...
Registered in 0.006601 seconds.
Begin MonoManager ReloadAssembly
Native extension for WindowsStandalone target not found
Refreshing native plugins compatible for Editor in 0.67 ms, found 0 plugins.
Preloading 0 native plugins for Editor in 0.00 ms.
Invoked RoslynAnalysisRunner static constructor.
RoslynAnalysisRunner will not be running.
RoslynAnalysisRunner has terminated.
Mono: successfully reloaded assembly
- Completed reload, in  3.056 seconds
Platform modules already initialized, skipping
Shader 'Universal Render Pipeline/Particles/Lit': fallback shader 'Universal Render Pipeline/Particles/SimpleLit' not found
Shader 'Universal Render Pipeline/Particles/Lit': fallback shader 'Universal Render Pipeline/Particles/SimpleLit' not found
Refreshing native plugins compatible for Editor in 0.68 ms, found 0 plugins.
Preloading 0 native plugins for Editor in 0.00 ms.
Unloading 2344 Unused Serialized files (Serialized files now loaded: 0)
System memory in use before: 116.9 MB.
System memory in use after: 115.2 MB.

Unloading 36 unused Assets to reduce memory usage. Loaded Objects now: 2974.
Total: 10.075200 ms (FindLiveObjects: 0.754000 ms CreateObjectMapping: 0.356000 ms MarkObjects: 5.366900 ms  DeleteObjects: 3.594900 ms)

========================================================================
Received Prepare
Registering precompiled user dll's ...
Registered in 0.002728 seconds.
Begin MonoManager ReloadAssembly
Native extension for WindowsStandalone target not found
Refreshing native plugins compatible for Editor in 0.62 ms, found 0 plugins.
Preloading 0 native plugins for Editor in 0.00 ms.
Invoked RoslynAnalysisRunner static constructor.
RoslynAnalysisRunner will not be running.
RoslynAnalysisRunner has terminated.
Mono: successfully reloaded assembly
- Completed reload, in  2.124 seconds
Platform modules already initialized, skipping
Shader 'Universal Render Pipeline/Particles/Lit': fallback shader 'Universal Render Pipeline/Particles/SimpleLit' not found
Shader 'Universal Render Pipeline/Particles/Lit': fallback shader 'Universal Render Pipeline/Particles/SimpleLit' not found
Refreshing native plugins compatible for Editor in 0.63 ms, found 0 plugins.
Preloading 0 native plugins for Editor in 0.00 ms.
Unloading 2344 Unused Serialized files (Serialized files now loaded: 0)
System memory in use before: 117.1 MB.
System memory in use after: 115.3 MB.

Unloading 36 unused Assets to reduce memory usage. Loaded Objects now: 2976.
Total: 6.590000 ms (FindLiveObjects: 0.448400 ms CreateObjectMapping: 0.219700 ms MarkObjects: 3.459400 ms  DeleteObjects: 2.460700 ms)

AssetImportWorkerClient::OnTransportError - code=2 error=End of file
